2017-09-10 17:31:47,716 - root - INFO - Initializing: consumer.py lol lol
2017-09-10 17:35:46,021 - root - INFO - Loggers successfully initialized.
2017-09-10 17:35:46,021 - root - INFO - Initializing OKC Message Consumer...:
2017-09-10 17:35:46,021 - root - INFO - INBOUND port @ lol for receiving messages.
2017-09-10 17:35:46,021 - root - INFO - OUTBOUND port @ lol for sending notifications.
2017-09-10 17:37:41,609 - root - INFO - Loggers successfully initialized.
2017-09-10 17:37:41,610 - root - INFO - Initializing OKC Message Consumer...:
2017-09-10 17:37:41,610 - root - INFO - INBOUND port @ lol for receiving messages.
2017-09-10 17:37:41,610 - root - INFO - OUTBOUND port @ lol for sending notifications.
2017-09-10 18:08:08,527 - root - INFO - Loggers successfully initialized.
2017-09-10 18:08:08,528 - root - INFO - Initializing OKC Message Consumer...
2017-09-10 18:08:08,528 - root - INFO - INBOUND port @ 7777 for receiving messages.
2017-09-10 18:08:08,528 - root - INFO - OUTBOUND port @ 8888 for sending notifications.
2017-09-10 18:09:28,097 - root - INFO - Loggers successfully initialized.
2017-09-10 18:09:28,097 - root - INFO - Initializing OKC Message Consumer...
2017-09-10 18:09:28,097 - root - INFO - INBOUND port @ 7777 for receiving messages.
2017-09-10 18:09:28,097 - root - INFO - OUTBOUND port @ 8888 for sending notifications.
2017-09-10 18:09:28,098 - root - INFO - Initializing Debugger... DONE
2017-09-10 18:09:28,098 - root - INFO - Initializing Queue... DONE
2017-09-10 18:09:28,098 - root - INFO - Consuming from DEBUGGER...
2017-09-10 18:09:45,353 - root - INFO - Loggers successfully initialized.
2017-09-10 18:09:45,353 - root - INFO - Initializing OKC Message Consumer...
2017-09-10 18:09:45,353 - root - INFO - INBOUND port @ 7777 for receiving messages.
2017-09-10 18:09:45,353 - root - INFO - OUTBOUND port @ 8888 for sending notifications.
2017-09-10 18:09:45,353 - root - INFO - Initializing Debugger... DONE
2017-09-10 18:09:45,353 - root - INFO - Initializing Queue... DONE
2017-09-10 18:09:45,354 - root - INFO - Consuming from DEBUGGER...
2017-09-10 18:09:46,354 - root - INFO - Consuming from QUEUE...
2017-09-10 18:09:47,359 - root - INFO - Consuming from DEBUGGER...
2017-09-10 18:09:48,360 - root - INFO - Consuming from QUEUE...
2017-09-10 18:48:29,297 - root - INFO - Loggers successfully initialized.
2017-09-10 18:48:29,297 - root - INFO - Initializing OKC Message Consumer...
2017-09-10 18:48:29,297 - root - INFO - INBOUND port @ 7777 for receiving messages.
2017-09-10 18:48:29,297 - root - INFO - OUTBOUND port @ 8888 for sending notifications.
2017-09-10 18:48:29,298 - root - INFO - Initializing Debugger... DONE
2017-09-10 18:48:29,298 - root - INFO - Initializing Queue... DONE
2017-09-10 18:48:29,298 - root - INFO - Consuming from DEBUGGER...
2017-09-10 18:48:30,298 - root - INFO - Consuming from QUEUE...
2017-09-10 18:48:31,300 - root - INFO - Consuming from DEBUGGER...
2017-09-10 18:48:32,304 - root - INFO - Consuming from QUEUE...
2017-09-10 18:48:33,304 - root - INFO - Consuming from DEBUGGER...
2017-09-10 18:48:34,307 - root - INFO - Consuming from QUEUE...
2017-09-10 18:48:35,310 - root - INFO - Consuming from DEBUGGER...
2017-09-10 18:48:36,312 - root - INFO - Consuming from QUEUE...
2017-09-10 18:48:37,314 - root - INFO - Consuming from DEBUGGER...
2017-09-10 23:36:08,236 - root - INFO - Loggers successfully initialized.
2017-09-10 23:36:08,236 - root - INFO - Initializing OKC Message Consumer...
2017-09-10 23:36:08,236 - root - INFO - INBOUND port @ 7777 for receiving messages.
2017-09-10 23:36:08,236 - root - INFO - OUTBOUND port @ 8888 for sending notifications.
2017-09-10 23:36:08,236 - root - INFO - Initializing Debugger... DONE
2017-09-10 23:36:08,237 - root - INFO - Initializing Queue... DONE
2017-09-10 23:36:08,237 - root - INFO - Consuming from DEBUGGER...
2017-09-10 23:36:08,237 - root - INFO - Debugger queue is empty.
2017-09-10 23:36:09,241 - root - INFO - Consuming from QUEUE...
2017-09-10 23:36:10,245 - root - INFO - Consuming from DEBUGGER...
2017-09-10 23:36:10,246 - root - INFO - Debugger queue is empty.
2017-09-10 23:36:11,249 - root - INFO - Consuming from QUEUE...
2017-09-10 23:36:12,253 - root - INFO - Consuming from DEBUGGER...
2017-09-10 23:36:12,254 - root - INFO - Debugger queue is empty.
2017-09-10 23:36:13,254 - root - INFO - Consuming from QUEUE...
2017-09-10 23:36:14,256 - root - INFO - Consuming from DEBUGGER...
2017-09-10 23:36:14,257 - root - INFO - Debugger queue is empty.
2017-09-10 23:36:15,257 - root - INFO - Consuming from QUEUE...
2017-09-10 23:36:16,260 - root - INFO - Consuming from DEBUGGER...
2017-09-10 23:36:16,261 - root - INFO - Debugger queue is empty.
2017-09-10 23:36:17,264 - root - INFO - Consuming from QUEUE...
2017-09-10 23:36:18,269 - root - INFO - Consuming from DEBUGGER...
2017-09-10 23:36:18,269 - root - INFO - Debugger queue is empty.
2017-09-10 23:36:19,273 - root - INFO - Consuming from QUEUE...
2017-09-10 23:36:20,277 - root - INFO - Consuming from DEBUGGER...
2017-09-10 23:36:20,277 - root - INFO - Debugger queue is empty.
2017-09-10 23:36:21,278 - root - INFO - Consuming from QUEUE...
2017-09-10 23:36:22,281 - root - INFO - Consuming from DEBUGGER...
2017-09-10 23:36:22,282 - root - INFO - Debugger queue is empty.
2017-09-10 23:36:23,287 - root - INFO - Consuming from QUEUE...
2017-09-10 23:36:24,290 - root - INFO - Consuming from DEBUGGER...
2017-09-10 23:36:24,290 - root - INFO - Debugger queue is empty.
2017-09-10 23:36:25,292 - root - INFO - Consuming from QUEUE...
2017-09-10 23:36:26,297 - root - INFO - Consuming from DEBUGGER...
2017-09-10 23:36:26,298 - root - INFO - Debugger queue is empty.
2017-09-10 23:36:27,303 - root - INFO - Consuming from QUEUE...
2017-09-10 23:36:28,307 - root - INFO - Consuming from DEBUGGER...
2017-09-10 23:36:28,308 - root - INFO - Debugger is processing popped line 1

2017-09-10 23:37:15,127 - root - INFO - Loggers successfully initialized.
2017-09-10 23:37:15,127 - root - INFO - Initializing OKC Message Consumer...
2017-09-10 23:37:15,127 - root - INFO - INBOUND port @ 7777 for receiving messages.
2017-09-10 23:37:15,128 - root - INFO - OUTBOUND port @ 8888 for sending notifications.
2017-09-10 23:37:15,128 - root - INFO - Initializing Debugger... DONE
2017-09-10 23:37:15,128 - root - INFO - Initializing Queue... DONE
2017-09-10 23:37:15,128 - root - INFO - Consuming from DEBUGGER...
2017-09-10 23:37:15,128 - root - INFO - Debugger queue is empty.
2017-09-10 23:37:16,134 - root - INFO - Consuming from QUEUE...
2017-09-10 23:37:17,137 - root - INFO - Consuming from DEBUGGER...
2017-09-10 23:37:17,138 - root - INFO - Debugger queue is empty.
2017-09-10 23:37:18,138 - root - INFO - Consuming from QUEUE...
2017-09-10 23:37:19,140 - root - INFO - Consuming from DEBUGGER...
2017-09-10 23:37:19,141 - root - INFO - Debugger queue is empty.
2017-09-10 23:37:20,145 - root - INFO - Consuming from QUEUE...
2017-09-10 23:37:21,149 - root - INFO - Consuming from DEBUGGER...
2017-09-10 23:37:21,149 - root - INFO - Debugger queue is empty.
2017-09-10 23:37:22,154 - root - INFO - Consuming from QUEUE...
2017-09-10 23:37:23,158 - root - INFO - Consuming from DEBUGGER...
2017-09-10 23:37:23,158 - root - INFO - Debugger queue is empty.
2017-09-10 23:37:24,164 - root - INFO - Consuming from QUEUE...
2017-09-10 23:37:25,169 - root - INFO - Consuming from DEBUGGER...
2017-09-10 23:37:25,170 - root - INFO - Debugger queue is empty.
2017-09-10 23:37:26,171 - root - INFO - Consuming from QUEUE...
2017-09-10 23:37:27,172 - root - INFO - Consuming from DEBUGGER...
2017-09-10 23:37:27,172 - root - INFO - Debugger queue is empty.
2017-09-10 23:37:28,175 - root - INFO - Consuming from QUEUE...
2017-09-10 23:37:29,181 - root - INFO - Consuming from DEBUGGER...
2017-09-10 23:37:29,181 - root - INFO - Debugger queue is empty.
2017-09-10 23:37:30,182 - root - INFO - Consuming from QUEUE...
2017-09-10 23:37:31,185 - root - INFO - Consuming from DEBUGGER...
2017-09-10 23:37:31,185 - root - INFO - Debugger is processing popped line: '1
'
2017-09-10 23:38:15,511 - root - INFO - Loggers successfully initialized.
2017-09-10 23:38:15,511 - root - INFO - Initializing OKC Message Consumer...
2017-09-10 23:38:15,511 - root - INFO - INBOUND port @ 7777 for receiving messages.
2017-09-10 23:38:15,511 - root - INFO - OUTBOUND port @ 8888 for sending notifications.
2017-09-10 23:38:15,512 - root - INFO - Initializing Debugger... DONE
2017-09-10 23:38:15,512 - root - INFO - Initializing Queue... DONE
2017-09-10 23:38:15,512 - root - INFO - Consuming from DEBUGGER...
2017-09-10 23:38:15,512 - root - INFO - Debugger queue is empty.
2017-09-10 23:38:16,513 - root - INFO - Consuming from QUEUE...
2017-09-10 23:38:17,514 - root - INFO - Consuming from DEBUGGER...
2017-09-10 23:38:17,514 - root - INFO - Debugger queue is empty.
2017-09-10 23:38:18,517 - root - INFO - Consuming from QUEUE...
2017-09-10 23:38:19,521 - root - INFO - Consuming from DEBUGGER...
2017-09-10 23:38:19,522 - root - INFO - Debugger queue is empty.
2017-09-10 23:38:20,525 - root - INFO - Consuming from QUEUE...
2017-09-10 23:38:21,530 - root - INFO - Consuming from DEBUGGER...
2017-09-10 23:38:21,531 - root - INFO - Debugger queue is empty.
2017-09-10 23:38:22,534 - root - INFO - Consuming from QUEUE...
2017-09-10 23:38:23,538 - root - INFO - Consuming from DEBUGGER...
2017-09-10 23:38:23,539 - root - INFO - Debugger is processing popped line: '1
'
2017-09-10 23:38:23,542 - root - WARNING - Popped line is not a valid link. Skipping.
2017-09-10 23:38:24,547 - root - INFO - Consuming from QUEUE...
2017-09-10 23:38:25,553 - root - INFO - Consuming from DEBUGGER...
2017-09-10 23:38:25,554 - root - INFO - Debugger is processing popped line: '2
'
2017-09-10 23:38:25,554 - root - WARNING - Popped line is not a valid link. Skipping.
2017-09-10 23:38:26,559 - root - INFO - Consuming from QUEUE...
2017-09-10 23:38:27,560 - root - INFO - Consuming from DEBUGGER...
2017-09-10 23:38:27,561 - root - INFO - Debugger is processing popped line: '3
'
2017-09-10 23:38:27,561 - root - WARNING - Popped line is not a valid link. Skipping.
2017-09-10 23:38:28,562 - root - INFO - Consuming from QUEUE...
2017-09-10 23:38:29,564 - root - INFO - Consuming from DEBUGGER...
2017-09-10 23:38:29,565 - root - INFO - Debugger is processing popped line: '4
'
2017-09-10 23:38:29,565 - root - WARNING - Popped line is not a valid link. Skipping.
2017-09-10 23:38:30,571 - root - INFO - Consuming from QUEUE...
2017-09-10 23:38:31,576 - root - INFO - Consuming from DEBUGGER...
2017-09-10 23:38:31,577 - root - INFO - Debugger queue is empty.
2017-09-10 23:38:32,581 - root - INFO - Consuming from QUEUE...
2017-09-10 23:38:33,582 - root - INFO - Consuming from DEBUGGER...
2017-09-10 23:38:33,582 - root - INFO - Debugger queue is empty.
2017-09-10 23:39:29,728 - root - INFO - Loggers successfully initialized.
2017-09-10 23:39:29,729 - root - INFO - Initializing OKC Message Consumer...
2017-09-10 23:39:29,729 - root - INFO - INBOUND port @ 7777 for receiving messages.
2017-09-10 23:39:29,729 - root - INFO - OUTBOUND port @ 8888 for sending notifications.
2017-09-10 23:39:29,729 - root - INFO - Initializing Debugger... DONE
2017-09-10 23:39:29,729 - root - INFO - Initializing Queue... DONE
2017-09-10 23:39:29,729 - root - INFO - Consuming from DEBUGGER...
2017-09-10 23:39:29,730 - root - INFO - Debugger queue is empty.
2017-09-10 23:39:30,731 - root - INFO - Consuming from QUEUE...
2017-09-10 23:39:31,734 - root - INFO - Consuming from DEBUGGER...
2017-09-10 23:39:31,735 - root - INFO - Debugger queue is empty.
2017-09-10 23:39:32,736 - root - INFO - Consuming from QUEUE...
2017-09-10 23:39:33,738 - root - INFO - Consuming from DEBUGGER...
2017-09-10 23:39:33,739 - root - INFO - Debugger queue is empty.
2017-09-10 23:39:34,740 - root - INFO - Consuming from QUEUE...
2017-09-10 23:39:35,744 - root - INFO - Consuming from DEBUGGER...
2017-09-10 23:39:35,744 - root - INFO - Debugger queue is empty.
2017-09-10 23:39:36,745 - root - INFO - Consuming from QUEUE...
2017-09-10 23:39:37,746 - root - INFO - Consuming from DEBUGGER...
2017-09-10 23:39:37,746 - root - INFO - Debugger queue is empty.
2017-09-10 23:39:38,747 - root - INFO - Consuming from QUEUE...
2017-09-10 23:39:39,750 - root - INFO - Consuming from DEBUGGER...
2017-09-10 23:39:39,750 - root - INFO - Debugger queue is empty.
2017-09-10 23:39:40,756 - root - INFO - Consuming from QUEUE...
2017-09-10 23:39:41,760 - root - INFO - Consuming from DEBUGGER...
2017-09-10 23:39:41,760 - root - INFO - Debugger queue is empty.
2017-09-10 23:39:42,765 - root - INFO - Consuming from QUEUE...
2017-09-10 23:39:43,770 - root - INFO - Consuming from DEBUGGER...
2017-09-10 23:39:43,770 - root - INFO - Debugger queue is empty.
2017-09-10 23:39:44,770 - root - INFO - Consuming from QUEUE...
2017-09-10 23:39:45,775 - root - INFO - Consuming from DEBUGGER...
2017-09-10 23:39:45,776 - root - INFO - Debugger is processing popped line:
'https://www.okcupid.com/profile/whyyytho
'
2017-09-10 23:39:45,796 - root - INFO - NOT IMPLEMENTED
2017-09-10 23:39:45,796 - root - INFO - Sending {"message": "", "match_handle": "whyyytho", "match_id": "27736E40"} to Port 7777
2017-09-10 23:39:46,799 - root - INFO - Consuming from QUEUE...
2017-09-10 23:39:47,805 - root - INFO - Consuming from DEBUGGER...
2017-09-10 23:39:47,806 - root - INFO - Debugger is processing popped line:
'https://www.okcupid.com/profile/whyyytho
'
2017-09-10 23:39:47,806 - root - INFO - NOT IMPLEMENTED
2017-09-10 23:39:47,807 - root - INFO - Sending {"message": "", "match_handle": "whyyytho", "match_id": "27736E40"} to Port 7777
2017-09-10 23:39:48,812 - root - INFO - Consuming from QUEUE...
2017-09-10 23:39:49,814 - root - INFO - Consuming from DEBUGGER...
2017-09-10 23:39:49,815 - root - INFO - Debugger is processing popped line:
'https://www.okcupid.com/profile/whyyytho
'
2017-09-10 23:39:49,815 - root - INFO - NOT IMPLEMENTED
2017-09-10 23:39:49,815 - root - INFO - Sending {"message": "", "match_handle": "whyyytho", "match_id": "27736E40"} to Port 7777
2017-09-10 23:39:50,821 - root - INFO - Consuming from QUEUE...
2017-09-10 23:39:51,824 - root - INFO - Consuming from DEBUGGER...
2017-09-10 23:39:51,825 - root - INFO - Debugger is processing popped line:
'https://www.okcupid.com/profile/whyyytho
'
2017-09-10 23:39:51,825 - root - INFO - NOT IMPLEMENTED
2017-09-10 23:39:51,826 - root - INFO - Sending {"message": "", "match_handle": "whyyytho", "match_id": "27736E40"} to Port 7777
2017-09-10 23:39:52,831 - root - INFO - Consuming from QUEUE...
2017-09-10 23:39:53,835 - root - INFO - Consuming from DEBUGGER...
2017-09-10 23:39:53,836 - root - INFO - Debugger is processing popped line:
'https://www.okcupid.com/profile/whyyytho
'
2017-09-10 23:39:53,837 - root - INFO - NOT IMPLEMENTED
2017-09-10 23:39:53,837 - root - INFO - Sending {"message": "", "match_handle": "whyyytho", "match_id": "27736E40"} to Port 7777
2017-09-10 23:39:54,837 - root - INFO - Consuming from QUEUE...
2017-09-10 23:39:55,842 - root - INFO - Consuming from DEBUGGER...
2017-09-10 23:39:55,843 - root - INFO - Debugger is processing popped line:
'https://www.okcupid.com/profile/whyyytho
'
2017-09-10 23:39:55,843 - root - INFO - NOT IMPLEMENTED
2017-09-10 23:39:55,844 - root - INFO - Sending {"message": "", "match_handle": "whyyytho", "match_id": "27736E40"} to Port 7777
2017-09-10 23:39:56,849 - root - INFO - Consuming from QUEUE...
2017-09-10 23:39:57,854 - root - INFO - Consuming from DEBUGGER...
2017-09-10 23:39:57,855 - root - INFO - Debugger is processing popped line:
'https://www.okcupid.com/profile/whyyytho
'
2017-09-10 23:39:57,856 - root - INFO - NOT IMPLEMENTED
2017-09-10 23:39:57,856 - root - INFO - Sending {"message": "", "match_handle": "whyyytho", "match_id": "27736E40"} to Port 7777
2017-09-10 23:39:58,859 - root - INFO - Consuming from QUEUE...
2017-09-10 23:39:59,863 - root - INFO - Consuming from DEBUGGER...
2017-09-10 23:39:59,863 - root - INFO - Debugger is processing popped line:
'https://www.okcupid.com/profile/whyyytho'
2017-09-10 23:39:59,864 - root - INFO - NOT IMPLEMENTED
2017-09-10 23:39:59,864 - root - INFO - Sending {"message": "", "match_handle": "whyyytho", "match_id": "27736E40"} to Port 7777
2017-09-10 23:40:00,865 - root - INFO - Consuming from QUEUE...
2017-09-10 23:40:01,867 - root - INFO - Consuming from DEBUGGER...
2017-09-10 23:40:01,868 - root - INFO - Debugger queue is empty.
2017-09-10 23:40:02,869 - root - INFO - Consuming from QUEUE...
2017-09-10 23:40:03,870 - root - INFO - Consuming from DEBUGGER...
2017-09-10 23:40:03,871 - root - INFO - Debugger queue is empty.
2017-09-10 23:40:04,876 - root - INFO - Consuming from QUEUE...
2017-09-10 23:40:05,879 - root - INFO - Consuming from DEBUGGER...
2017-09-10 23:40:05,880 - root - INFO - Debugger queue is empty.
2017-09-10 23:40:06,884 - root - INFO - Consuming from QUEUE...
2017-09-10 23:40:07,887 - root - INFO - Consuming from DEBUGGER...
2017-09-10 23:40:07,888 - root - INFO - Debugger queue is empty.
2017-09-10 23:40:08,892 - root - INFO - Consuming from QUEUE...
2017-09-10 23:40:09,895 - root - INFO - Consuming from DEBUGGER...
2017-09-10 23:40:09,895 - root - INFO - Debugger queue is empty.
2017-09-10 23:42:14,999 - root - INFO - Loggers successfully initialized.
2017-09-10 23:42:14,999 - root - INFO - Initializing OKC Message Consumer...
2017-09-10 23:42:14,999 - root - INFO - INBOUND port @ 7777 for receiving messages.
2017-09-10 23:42:14,999 - root - INFO - OUTBOUND port @ 8888 for sending notifications.
2017-09-10 23:42:14,999 - root - INFO - Initializing Debugger... DONE
2017-09-10 23:42:14,999 - root - INFO - Initializing Queue... DONE
2017-09-10 23:42:14,999 - root - INFO - 

---------- Consuming from DEBUGGER ----------
2017-09-10 23:42:15,000 - root - INFO - Debugger queue is empty.
2017-09-10 23:42:16,001 - root - INFO - 

---------- Consuming from QUEUE ----------
2017-09-10 23:42:17,003 - root - INFO - 

---------- Consuming from DEBUGGER ----------
2017-09-10 23:42:17,004 - root - INFO - Debugger queue is empty.
2017-09-10 23:42:18,009 - root - INFO - 

---------- Consuming from QUEUE ----------
2017-09-10 23:42:19,010 - root - INFO - 

---------- Consuming from DEBUGGER ----------
2017-09-10 23:42:19,011 - root - INFO - Debugger queue is empty.
2017-09-10 23:42:20,014 - root - INFO - 

---------- Consuming from QUEUE ----------
2017-09-10 23:42:21,016 - root - INFO - 

---------- Consuming from DEBUGGER ----------
2017-09-10 23:42:21,017 - root - INFO - Debugger queue is empty.
2017-09-10 23:43:49,423 - root - INFO - Loggers successfully initialized.
2017-09-10 23:43:49,423 - root - INFO - Initializing OKC Message Consumer...
2017-09-10 23:43:49,423 - root - INFO - INBOUND port @ 7777 for receiving messages.
2017-09-10 23:43:49,423 - root - INFO - OUTBOUND port @ 8888 for sending notifications.
2017-09-10 23:43:49,423 - root - INFO - Initializing Debugger... DONE
2017-09-10 23:43:49,423 - root - INFO - Initializing Queue... DONE
2017-09-10 23:43:49,423 - root - INFO - Finished consumption.

---------- Consuming from DEBUGGER ----------
2017-09-10 23:43:49,424 - root - INFO - Debugger queue is empty.
2017-09-10 23:43:50,424 - root - INFO - Finished consumption.

---------- Consuming from QUEUE ----------
2017-09-10 23:43:51,429 - root - INFO - Finished consumption.

---------- Consuming from DEBUGGER ----------
2017-09-10 23:43:51,429 - root - INFO - Debugger queue is empty.
2017-09-10 23:43:52,433 - root - INFO - Finished consumption.

---------- Consuming from QUEUE ----------
2017-09-10 23:43:53,434 - root - INFO - Finished consumption.

---------- Consuming from DEBUGGER ----------
2017-09-10 23:43:53,434 - root - INFO - Debugger queue is empty.
2017-09-10 23:43:54,439 - root - INFO - Finished consumption.

---------- Consuming from QUEUE ----------
2017-09-10 23:43:55,442 - root - INFO - Finished consumption.

---------- Consuming from DEBUGGER ----------
2017-09-10 23:43:55,443 - root - INFO - Debugger queue is empty.
2017-09-10 23:43:56,446 - root - INFO - Finished consumption.

---------- Consuming from QUEUE ----------
